C:\Source\ServerSrc\SubHelper\SubHelper___Win32_WORLD_TOURNAMENT0\cl.command.1.tlog
C:\Source\ServerSrc\SubHelper\SubHelper___Win32_WORLD_TOURNAMENT0\CL.read.1.tlog
C:\Source\ServerSrc\SubHelper\SubHelper___Win32_WORLD_TOURNAMENT0\CL.write.1.tlog
C:\SOURCE\SERVERSRC\SUBHELPER\SUBHELPER___WIN32_WORLD_TOURNAMENT0\CMDINTERPRETER.OBJ
C:\SOURCE\SERVERSRC\SUBHELPER\SUBHELPER___WIN32_WORLD_TOURNAMENT0\CMDINTERPRETER.SBR
C:\SOURCE\SERVERSRC\SUBHELPER\SUBHELPER___WIN32_WORLD_TOURNAMENT0\CMDMSG.OBJ
C:\SOURCE\SERVERSRC\SUBHELPER\SUBHELPER___WIN32_WORLD_TOURNAMENT0\CMDMSG.SBR
C:\SOURCE\SERVERSRC\SUBHELPER\SUBHELPER___WIN32_WORLD_TOURNAMENT0\CONFIGFILE.OBJ
C:\SOURCE\SERVERSRC\SUBHELPER\SUBHELPER___WIN32_WORLD_TOURNAMENT0\CONFIGFILE.SBR
C:\SOURCE\SERVERSRC\SUBHELPER\SUBHELPER___WIN32_WORLD_TOURNAMENT0\DESCRIPTOR.OBJ
C:\SOURCE\SERVERSRC\SUBHELPER\SUBHELPER___WIN32_WORLD_TOURNAMENT0\DESCRIPTOR.SBR
C:\SOURCE\SERVERSRC\SUBHELPER\SUBHELPER___WIN32_WORLD_TOURNAMENT0\DOFUNC.OBJ
C:\SOURCE\SERVERSRC\SUBHELPER\SUBHELPER___WIN32_WORLD_TOURNAMENT0\DOFUNC.SBR
C:\SOURCE\SERVERSRC\SUBHELPER\SUBHELPER___WIN32_WORLD_TOURNAMENT0\DOFUNCCOMMAND.OBJ
C:\SOURCE\SERVERSRC\SUBHELPER\SUBHELPER___WIN32_WORLD_TOURNAMENT0\DOFUNCCOMMAND.SBR
C:\SOURCE\SERVERSRC\SUBHELPER\SUBHELPER___WIN32_WORLD_TOURNAMENT0\DOFUNCNOTICE.OBJ
C:\SOURCE\SERVERSRC\SUBHELPER\SUBHELPER___WIN32_WORLD_TOURNAMENT0\DOFUNCNOTICE.SBR
C:\SOURCE\SERVERSRC\SUBHELPER\SUBHELPER___WIN32_WORLD_TOURNAMENT0\DOFUNCTRADEAGENT.OBJ
C:\SOURCE\SERVERSRC\SUBHELPER\SUBHELPER___WIN32_WORLD_TOURNAMENT0\DOFUNCTRADEAGENT.SBR
C:\Source\ServerSrc\SubHelper\SubHelper___Win32_WORLD_TOURNAMENT0\link.command.1.tlog
C:\Source\ServerSrc\SubHelper\SubHelper___Win32_WORLD_TOURNAMENT0\link.read.1.tlog
C:\Source\ServerSrc\SubHelper\SubHelper___Win32_WORLD_TOURNAMENT0\link.write.1.tlog
C:\SOURCE\SERVERSRC\SUBHELPER\SUBHELPER___WIN32_WORLD_TOURNAMENT0\LOG.OBJ
C:\SOURCE\SERVERSRC\SUBHELPER\SUBHELPER___WIN32_WORLD_TOURNAMENT0\LOG.SBR
C:\SOURCE\SERVERSRC\SUBHELPER\SUBHELPER___WIN32_WORLD_TOURNAMENT0\MESSENGERINSUBHELPER.OBJ
C:\SOURCE\SERVERSRC\SUBHELPER\SUBHELPER___WIN32_WORLD_TOURNAMENT0\MESSENGERINSUBHELPER.SBR
C:\SOURCE\SERVERSRC\SUBHELPER\SUBHELPER___WIN32_WORLD_TOURNAMENT0\NOTICESYSTEMAGENT.OBJ
C:\SOURCE\SERVERSRC\SUBHELPER\SUBHELPER___WIN32_WORLD_TOURNAMENT0\NOTICESYSTEMAGENT.SBR
C:\SOURCE\SERVERSRC\SUBHELPER\SUBHELPER___WIN32_WORLD_TOURNAMENT0\RANKINGSYSTEM.OBJ
C:\SOURCE\SERVERSRC\SUBHELPER\SUBHELPER___WIN32_WORLD_TOURNAMENT0\RANKINGSYSTEM.SBR
C:\Source\ServerSrc\SubHelper\SubHelper___Win32_WORLD_TOURNAMENT0\rc.command.1.tlog
C:\Source\ServerSrc\SubHelper\SubHelper___Win32_WORLD_TOURNAMENT0\rc.read.1.tlog
C:\Source\ServerSrc\SubHelper\SubHelper___Win32_WORLD_TOURNAMENT0\rc.write.1.tlog
C:\SOURCE\SERVERSRC\SUBHELPER\SUBHELPER___WIN32_WORLD_TOURNAMENT0\RESERVEDGMCOMMANDMANAGER.OBJ
C:\SOURCE\SERVERSRC\SUBHELPER\SUBHELPER___WIN32_WORLD_TOURNAMENT0\RESERVEDGMCOMMANDMANAGER.SBR
C:\SOURCE\SERVERSRC\SUBHELPER\SUBHELPER___WIN32_WORLD_TOURNAMENT0\SERVER.OBJ
C:\SOURCE\SERVERSRC\SUBHELPER\SUBHELPER___WIN32_WORLD_TOURNAMENT0\SERVER.SBR
C:\SOURCE\SERVERSRC\SUBHELPER\SUBHELPER___WIN32_WORLD_TOURNAMENT0\SERVERRUN.OBJ
C:\SOURCE\SERVERSRC\SUBHELPER\SUBHELPER___WIN32_WORLD_TOURNAMENT0\SERVERRUN.SBR
C:\Source\ServerSrc\SubHelper\SubHelper___Win32_WORLD_TOURNAMENT0\SubHelper.exe.embed.manifest
C:\SOURCE\SERVERSRC\SUBHELPER\SUBHELPER___WIN32_WORLD_TOURNAMENT0\SUBHELPER.EXE.EMBED.MANIFEST.RES
C:\SOURCE\SERVERSRC\SUBHELPER\SUBHELPER___WIN32_WORLD_TOURNAMENT0\SUBHELPER.OBJ
C:\SOURCE\SERVERSRC\SUBHELPER\SUBHELPER___WIN32_WORLD_TOURNAMENT0\SUBHELPER.SBR
C:\Source\ServerSrc\SubHelper\SubHelper___Win32_WORLD_TOURNAMENT0\SubHelper.vcxprojResolveAssemblyReference.cache
C:\Source\ServerSrc\SubHelper\SubHelper___Win32_WORLD_TOURNAMENT0\SubHelper.write.1.tlog
C:\Source\ServerSrc\SubHelper\SubHelper___Win32_WORLD_TOURNAMENT0\SubHelper_manifest.rc
C:\SOURCE\SERVERSRC\SUBHELPER\SUBHELPER___WIN32_WORLD_TOURNAMENT0\USERNOTICE.OBJ
C:\SOURCE\SERVERSRC\SUBHELPER\SUBHELPER___WIN32_WORLD_TOURNAMENT0\USERNOTICE.SBR
C:\SOURCE\SERVERSRC\SUBHELPER\SUBHELPER___WIN32_WORLD_TOURNAMENT0\UTILS.OBJ
C:\SOURCE\SERVERSRC\SUBHELPER\SUBHELPER___WIN32_WORLD_TOURNAMENT0\UTILS.SBR
C:\Source\ServerSrc\SubHelper\SubHelper___Win32_WORLD_TOURNAMENT0\vc100.idb
C:\SOURCE\SERVERSRC\SUBHELPER\SUBHELPER___WIN32_WORLD_TOURNAMENT0\VC100.PDB
