C:\SOURCE\SERVERSRC\RELEASE\SHARELIB.LIB
C:\SOURCE\SERVERSRC\SHARELIB\RELEASE\BNF.OBJ
C:\SOURCE\SERVERSRC\SHARELIB\RELEASE\BPACKET.OBJ
C:\SOURCE\SERVERSRC\SHARELIB\RELEASE\CHECKPASSWORD.OBJ
C:\Source\ServerSrc\ShareLib\Release\cl.command.1.tlog
C:\Source\ServerSrc\ShareLib\Release\CL.read.1.tlog
C:\Source\ServerSrc\ShareLib\Release\CL.write.1.tlog
C:\SOURCE\SERVERSRC\SHARELIB\RELEASE\DBCMD.OBJ
C:\SOURCE\SERVERSRC\SHARELIB\RELEASE\EVENT_SESSION.OBJ
C:\SOURCE\SERVERSRC\SHARELIB\RELEASE\FORMAT.OBJ
C:\SOURCE\SERVERSRC\SHARELIB\RELEASE\LCCRYPT.OBJ
C:\SOURCE\SERVERSRC\SHARELIB\RELEASE\LCHTTPS.OBJ
C:\SOURCE\SERVERSRC\SHARELIB\RELEASE\LCSHA256.OBJ
C:\Source\ServerSrc\ShareLib\Release\lib.command.1.tlog
C:\Source\ServerSrc\ShareLib\Release\Lib-link.read.1.tlog
C:\Source\ServerSrc\ShareLib\Release\Lib-link.write.1.tlog
C:\SOURCE\SERVERSRC\SHARELIB\RELEASE\LISTEN_SESSIONTCP.OBJ
C:\SOURCE\SERVERSRC\SHARELIB\RELEASE\LOGINOUTMANAGER.OBJ
C:\SOURCE\SERVERSRC\SHARELIB\RELEASE\LOGSYSTEM.OBJ
C:\SOURCE\SERVERSRC\SHARELIB\RELEASE\MD5.OBJ
C:\SOURCE\SERVERSRC\SHARELIB\RELEASE\MINILZO.OBJ
C:\SOURCE\SERVERSRC\SHARELIB\RELEASE\MYSQLDB.OBJ
C:\SOURCE\SERVERSRC\SHARELIB\RELEASE\NETMSG.OBJ
C:\SOURCE\SERVERSRC\SHARELIB\RELEASE\NETWORK_UTIL.OBJ
C:\SOURCE\SERVERSRC\SHARELIB\RELEASE\PRINTEXCUTEINFO.OBJ
C:\SOURCE\SERVERSRC\SHARELIB\RELEASE\RANDOM.OBJ
C:\SOURCE\SERVERSRC\SHARELIB\RELEASE\RANDOM_MACHINE.OBJ
C:\SOURCE\SERVERSRC\SHARELIB\RELEASE\RNPACKET.OBJ
C:\SOURCE\SERVERSRC\SHARELIB\RELEASE\RNSOCKETIOHANDLER.OBJ
C:\SOURCE\SERVERSRC\SHARELIB\RELEASE\RNSOCKETIOSERVICETCP.OBJ
C:\SOURCE\SERVERSRC\SHARELIB\RELEASE\SEED_256_KISA.OBJ
C:\SOURCE\SERVERSRC\SHARELIB\RELEASE\SERVERAUTHENTICATION.OBJ
C:\Source\ServerSrc\ShareLib\Release\ShareLib.write.1.tlog
C:\SOURCE\SERVERSRC\SHARELIB\RELEASE\SIGNALPROCESS.OBJ
C:\SOURCE\SERVERSRC\SHARELIB\RELEASE\TIMER_SESSION.OBJ
C:\SOURCE\SERVERSRC\SHARELIB\RELEASE\VC100.PDB
