C:\Source\ServerSrc\Messenger\Messenger___Win32_HOLYLANCE_USA\cl.command.1.tlog
C:\Source\ServerSrc\Messenger\Messenger___Win32_HOLYLANCE_USA\CL.read.1.tlog
C:\Source\ServerSrc\Messenger\Messenger___Win32_HOLYLANCE_USA\CL.write.1.tlog
C:\SOURCE\SERVERSRC\MESSENGER\MESSENGER___WIN32_HOLYLANCE_USA\CMD.OBJ
C:\SOURCE\SERVERSRC\MESSENGER\MESSENGER___WIN32_HOLYLANCE_USA\CMD.SBR
C:\SOURCE\SERVERSRC\MESSENGER\MESSENGER___WIN32_HOLYLANCE_USA\CMDMSG.OBJ
C:\SOURCE\SERVERSRC\MESSENGER\MESSENGER___WIN32_HOLYLANCE_USA\CMDMSG.SBR
C:\SOURCE\SERVERSRC\MESSENGER\MESSENGER___WIN32_HOLYLANCE_USA\CONFIGFILE.OBJ
C:\SOURCE\SERVERSRC\MESSENGER\MESSENGER___WIN32_HOLYLANCE_USA\CONFIGFILE.SBR
C:\SOURCE\SERVERSRC\MESSENGER\MESSENGER___WIN32_HOLYLANCE_USA\DESCRIPTOR.OBJ
C:\SOURCE\SERVERSRC\MESSENGER\MESSENGER___WIN32_HOLYLANCE_USA\DESCRIPTOR.SBR
C:\SOURCE\SERVERSRC\MESSENGER\MESSENGER___WIN32_HOLYLANCE_USA\DOFUNC.OBJ
C:\SOURCE\SERVERSRC\MESSENGER\MESSENGER___WIN32_HOLYLANCE_USA\DOFUNC.SBR
C:\SOURCE\SERVERSRC\MESSENGER\MESSENGER___WIN32_HOLYLANCE_USA\GMTOOLINMESSENGER.OBJ
C:\SOURCE\SERVERSRC\MESSENGER\MESSENGER___WIN32_HOLYLANCE_USA\GMTOOLINMESSENGER.SBR
C:\Source\ServerSrc\Messenger\Messenger___Win32_HOLYLANCE_USA\link.command.1.tlog
C:\Source\ServerSrc\Messenger\Messenger___Win32_HOLYLANCE_USA\link.read.1.tlog
C:\Source\ServerSrc\Messenger\Messenger___Win32_HOLYLANCE_USA\link.write.1.tlog
C:\Source\ServerSrc\Messenger\Messenger___Win32_HOLYLANCE_USA\Messenger.exe.embed.manifest
C:\SOURCE\SERVERSRC\MESSENGER\MESSENGER___WIN32_HOLYLANCE_USA\MESSENGER.EXE.EMBED.MANIFEST.RES
C:\SOURCE\SERVERSRC\MESSENGER\MESSENGER___WIN32_HOLYLANCE_USA\MESSENGER.OBJ
C:\SOURCE\SERVERSRC\MESSENGER\MESSENGER___WIN32_HOLYLANCE_USA\MESSENGER.SBR
C:\Source\ServerSrc\Messenger\Messenger___Win32_HOLYLANCE_USA\Messenger.vcxprojResolveAssemblyReference.cache
C:\Source\ServerSrc\Messenger\Messenger___Win32_HOLYLANCE_USA\Messenger.write.1.tlog
C:\Source\ServerSrc\Messenger\Messenger___Win32_HOLYLANCE_USA\Messenger_manifest.rc
C:\Source\ServerSrc\Messenger\Messenger___Win32_HOLYLANCE_USA\rc.command.1.tlog
C:\Source\ServerSrc\Messenger\Messenger___Win32_HOLYLANCE_USA\rc.read.1.tlog
C:\Source\ServerSrc\Messenger\Messenger___Win32_HOLYLANCE_USA\rc.write.1.tlog
C:\SOURCE\SERVERSRC\MESSENGER\MESSENGER___WIN32_HOLYLANCE_USA\SERVER.OBJ
C:\SOURCE\SERVERSRC\MESSENGER\MESSENGER___WIN32_HOLYLANCE_USA\SERVER.SBR
C:\SOURCE\SERVERSRC\MESSENGER\MESSENGER___WIN32_HOLYLANCE_USA\SUBHELPERINMESSENGER.OBJ
C:\SOURCE\SERVERSRC\MESSENGER\MESSENGER___WIN32_HOLYLANCE_USA\SUBHELPERINMESSENGER.SBR
C:\SOURCE\SERVERSRC\MESSENGER\MESSENGER___WIN32_HOLYLANCE_USA\UTILS.OBJ
C:\SOURCE\SERVERSRC\MESSENGER\MESSENGER___WIN32_HOLYLANCE_USA\UTILS.SBR
C:\Source\ServerSrc\Messenger\Messenger___Win32_HOLYLANCE_USA\vc100.idb
C:\SOURCE\SERVERSRC\MESSENGER\MESSENGER___WIN32_HOLYLANCE_USA\VC100.PDB
